2025-08-26T03:38:12.538Z - 🏗️ Starting SvelteKit build for site: My Portfolio Site
2025-08-26T03:38:12.539Z - 📁 Creating temporary SvelteKit project...
2025-08-26T03:38:12.571Z - ✅ Temporary project created successfully
2025-08-26T03:38:12.571Z - 📦 Installing dependencies...
2025-08-26T03:38:16.183Z - ✅ Dependencies installed successfully
2025-08-26T03:38:16.183Z - 📄 Generating pages and data...
2025-08-26T03:38:16.203Z - ✅ Pages and data generated successfully
2025-08-26T03:38:16.203Z - ⚙️ Generating site configuration...
2025-08-26T03:38:16.203Z - ✅ Site configuration generated successfully
2025-08-26T03:38:16.203Z - 🔨 Building with SvelteKit...
2025-08-26T03:38:21.020Z - ✅ Build completed successfully
2025-08-27T02:37:43.810Z - 🏗️ Starting SvelteKit build for site: My Portfolio Site
2025-08-27T02:37:43.811Z - 📁 Creating temporary SvelteKit project...
2025-08-27T02:37:43.861Z - ✅ Temporary project created successfully
2025-08-27T02:37:43.861Z - 📦 Installing dependencies...
2025-08-27T02:37:47.637Z - ✅ Dependencies installed successfully
2025-08-27T02:37:47.638Z - 📄 Generating pages and data...
2025-08-27T02:37:47.640Z - ✅ Pages and data generated successfully
2025-08-27T02:37:47.640Z - ⚙️ Generating site configuration...
2025-08-27T02:37:47.641Z - ✅ Site configuration generated successfully
2025-08-27T02:37:47.641Z - 🔨 Building with SvelteKit...
2025-08-27T02:37:52.555Z - ✅ Build completed successfully
2025-08-27T02:42:25.098Z - 🏗️ Starting SvelteKit build for site: My Portfolio Site
2025-08-27T02:42:25.100Z - 📁 Creating temporary SvelteKit project...
2025-08-27T02:42:25.154Z - ✅ Temporary project created successfully
2025-08-27T02:42:25.155Z - 📦 Installing dependencies...
2025-08-27T02:42:30.626Z - ✅ Dependencies installed successfully
2025-08-27T02:42:30.626Z - 📄 Generating pages and data...
2025-08-27T02:42:30.629Z - ✅ Pages and data generated successfully
2025-08-27T02:42:30.629Z - ⚙️ Generating site configuration...
2025-08-27T02:42:30.629Z - ✅ Site configuration generated successfully
2025-08-27T02:42:30.630Z - 🔨 Building with SvelteKit...
2025-08-27T02:42:35.001Z - ✅ Build completed successfully
2025-08-27T03:50:29.449Z - 🏗️ Starting SvelteKit build for site: My Portfolio Site
2025-08-27T03:50:29.452Z - 📁 Creating temporary SvelteKit project...
2025-08-27T03:50:29.497Z - ✅ Temporary project created successfully
2025-08-27T03:50:29.497Z - 📦 Installing dependencies...
2025-08-27T03:50:34.407Z - ✅ Dependencies installed successfully
2025-08-27T03:50:34.408Z - 📄 Generating pages and data...
2025-08-27T03:50:34.411Z - ✅ Pages and data generated successfully
2025-08-27T03:50:34.411Z - ⚙️ Generating site configuration...
2025-08-27T03:50:34.412Z - ✅ Site configuration generated successfully
2025-08-27T03:50:34.412Z - 🔨 Building with SvelteKit...
2025-08-27T03:50:39.083Z - ✅ Build completed successfully
2025-08-27T04:03:21.489Z - 🏗️ Starting SvelteKit build for site: My Portfolio Site
2025-08-27T04:03:21.490Z - 📁 Creating temporary SvelteKit project...
2025-08-27T04:03:21.570Z - ✅ Temporary project created successfully
2025-08-27T04:03:21.570Z - 📦 Installing dependencies...
2025-08-27T04:21:20.401Z - ❌ npm install failed: Error: Command failed: pnpm install

2025-08-27T23:01:57.753Z - 🏗️ Starting SvelteKit build for site: My Portfolio Site
2025-08-27T23:01:57.761Z - 📁 Creating temporary SvelteKit project...
2025-08-27T23:01:57.867Z - ✅ Temporary project created successfully
2025-08-27T23:01:57.868Z - 📦 Installing dependencies...
2025-08-27T23:02:01.710Z - ✅ Dependencies installed successfully
2025-08-27T23:02:01.711Z - 📄 Generating pages and data...
2025-08-27T23:02:01.716Z - ✅ Pages and data generated successfully
2025-08-27T23:02:01.716Z - ⚙️ Generating site configuration...
2025-08-27T23:02:01.717Z - ✅ Site configuration generated successfully
2025-08-27T23:02:01.717Z - 🔨 Building with SvelteKit...
2025-08-27T23:02:06.730Z - ✅ Build completed successfully
2025-08-27T23:56:55.995Z - 🏗️ Starting SvelteKit build for site: My Portfolio Site
2025-08-27T23:56:55.998Z - 📁 Creating temporary SvelteKit project...
2025-08-27T23:56:56.043Z - ✅ Temporary project created successfully
2025-08-27T23:56:56.044Z - 📦 Installing dependencies...
2025-08-27T23:57:00.390Z - ✅ Dependencies installed successfully
2025-08-27T23:57:00.392Z - 📄 Generating pages and data...
2025-08-27T23:57:00.397Z - ✅ Pages and data generated successfully
2025-08-27T23:57:00.397Z - ⚙️ Generating site configuration...
2025-08-27T23:57:00.397Z - ✅ Site configuration generated successfully
2025-08-27T23:57:00.397Z - 🔨 Building with SvelteKit...
2025-08-27T23:57:05.772Z - ✅ Build completed successfully
2025-08-28T00:52:53.316Z - 🏗️ Starting SvelteKit build for site: My Portfolio Site
2025-08-28T00:52:53.318Z - 📁 Creating temporary SvelteKit project...
2025-08-28T00:52:53.384Z - ✅ Temporary project created successfully
2025-08-28T00:52:53.385Z - 📦 Installing dependencies...
2025-08-28T00:52:57.773Z - ✅ Dependencies installed successfully
2025-08-28T00:52:57.774Z - 📄 Generating pages and data...
2025-08-28T00:52:57.778Z - ✅ Pages and data generated successfully
2025-08-28T00:52:57.778Z - ⚙️ Generating site configuration...
2025-08-28T00:52:57.779Z - ✅ Site configuration generated successfully
2025-08-28T00:52:57.779Z - 🔨 Building with SvelteKit...
2025-08-28T00:53:02.387Z - ❌ npm run build failed: Error: Command failed: pnpm run build

node:internal/event_target:1101
  process.nextTick(() => { throw err; });
                           ^
Error: 404 /blog does not begin with `base`, which is configured in `paths.base` and can be imported from `$app/paths` - see https://svelte.dev/docs/kit/configuration#paths for more info (linked from /preview/xv4pq4swwi0y4czbzl98l8k3/blog/event-venue-finalized-for-the-reunion)
To suppress or handle this error, implement `handleHttpError` in https://svelte.dev/docs/kit/configuration#prerender
    at file:///Users/csfalcao/Documents/Projects/CeLesteCMS%20Pro/build_temp/temp-xv4pq4swwi0y4czbzl98l8k3/node_modules/.pnpm/@sveltejs+kit@2.36.3_@sveltejs+vite-plugin-svelte@5.1.1_svelte@5.38.6_vite@7.1.3_jiti@2_42b3145bdbf5e128d58bb9f6aa9caea0/node_modules/@sveltejs/kit/src/core/config/options.js:220:13
    at file:///Users/csfalcao/Documents/Projects/CeLesteCMS%20Pro/build_temp/temp-xv4pq4swwi0y4czbzl98l8k3/node_modules/.pnpm/@sveltejs+kit@2.36.3_@sveltejs+vite-plugin-svelte@5.1.1_svelte@5.38.6_vite@7.1.3_jiti@2_42b3145bdbf5e128d58bb9f6aa9caea0/node_modules/@sveltejs/kit/src/core/postbuild/prerender.js:74:25
    at visit (file:///Users/csfalcao/Documents/Projects/CeLesteCMS%20Pro/build_temp/temp-xv4pq4swwi0y4czbzl98l8k3/node_modules/.pnpm/@sveltejs+kit@2.36.3_@sveltejs+vite-plugin-svelte@5.1.1_svelte@5.38.6_vite@7.1.3_jiti@2_42b3145bdbf5e128d58bb9f6aa9caea0/node_modules/@sveltejs/kit/src/core/postbuild/prerender.js:240:4)
    at Object.fn (file:///Users/csfalcao/Documents/Projects/CeLesteCMS%20Pro/build_temp/temp-xv4pq4swwi0y4czbzl98l8k3/node_modules/.pnpm/@sveltejs+kit@2.36.3_@sveltejs+vite-plugin-svelte@5.1.1_svelte@5.38.6_vite@7.1.3_jiti@2_42b3145bdbf5e128d58bb9f6aa9caea0/node_modules/@sveltejs/kit/src/core/postbuild/prerender.js:229:22)
    at dequeue (file:///Users/csfalcao/Documents/Projects/CeLesteCMS%20Pro/build_temp/temp-xv4pq4swwi0y4czbzl98l8k3/node_modules/.pnpm/@sveltejs+kit@2.36.3_@sveltejs+vite-plugin-svelte@5.1.1_svelte@5.38.6_vite@7.1.3_jiti@2_42b3145bdbf5e128d58bb9f6aa9caea0/node_modules/@sveltejs/kit/src/core/postbuild/queue.js:41:42)
    at file:///Users/csfalcao/Documents/Projects/CeLesteCMS%20Pro/build_temp/temp-xv4pq4swwi0y4czbzl98l8k3/node_modules/.pnpm/@sveltejs+kit@2.36.3_@sveltejs+vite-plugin-svelte@5.1.1_svelte@5.38.6_vite@7.1.3_jiti@2_42b3145bdbf5e128d58bb9f6aa9caea0/node_modules/@sveltejs/kit/src/core/postbuild/queue.js:50:7

Node.js v24.3.0

2025-08-28T01:28:56.056Z - 🏗️ Starting SvelteKit build for site: My Portfolio Site
2025-08-28T01:28:56.057Z - 📁 Creating temporary SvelteKit project...
2025-08-28T01:28:56.088Z - ✅ Temporary project created successfully
2025-08-28T01:28:56.088Z - 📦 Installing dependencies...
2025-08-28T01:29:00.597Z - ✅ Dependencies installed successfully
2025-08-28T01:29:00.598Z - 📄 Generating pages and data...
2025-08-28T01:29:00.601Z - ✅ Pages and data generated successfully
2025-08-28T01:29:00.602Z - ⚙️ Generating site configuration...
2025-08-28T01:29:00.602Z - ✅ Site configuration generated successfully
2025-08-28T01:29:00.602Z - 🔨 Building with SvelteKit...
2025-08-28T01:29:04.824Z - ✅ Build completed successfully
